<?xml version="1.0" encoding="UTF-8"?>
<!-- Generated by org.testng.reporters.JUnitXMLReporter -->
<testsuite ignored="0" hostname="del1-lhp-n82732" failures="0" tests="8" name="Test" time="5.085" errors="0" timestamp="2025-03-06T04:50:00 IST">
  <testcase classname="example.Login" name="launchURL" time="1.009"/>
  <testcase classname="example.Login" name="sendUserName" time="0.048"/>
  <testcase classname="example.Login" name="sendPassword" time="0.024"/>
  <testcase classname="example.Login" name="selectCheckBox" time="0.436"/>
  <testcase classname="example.Login" name="submitButton" time="0.236"/>
  <testcase classname="example.Login" name="verifyLogin" time="3.022"/>
  <testcase classname="example.Logout" name="clickLogout" time="0.251"/>
  <testcase classname="example.Logout" name="verifyLogout" time="0.015"/>
</testsuite> <!-- Test -->
