<?xml version="1.0" encoding="UTF-8"?>
<testng-results ignored="0" total="1" passed="1" failed="0" skipped="0">
  <reporter-output>
  </reporter-output>
  <suite started-at="2025-03-08T01:04:38 IST" name="Suite" finished-at="2025-03-08T01:04:46 IST" duration-ms="7723">
    <groups>
    </groups>
    <test started-at="2025-03-08T01:04:38 IST" name="Test" finished-at="2025-03-08T01:04:46 IST" duration-ms="7723">
      <class name="NewTest">
        <test-method is-config="true" signature="setEnvironment()[pri:0, instance:NewTest@4f18837a]" started-at="2025-03-08T01:04:38 IST" name="setEnvironment" finished-at="2025-03-08T01:04:40 IST" duration-ms="2223" status="PASS">
          <reporter-output>
          </reporter-output>
        </test-method> <!-- setEnvironment -->
        <test-method signature="launchURL()[pri:0, instance:NewTest@4f18837a]" started-at="2025-03-08T01:04:40 IST" name="launchURL" finished-at="2025-03-08T01:04:46 IST" duration-ms="5363" status="PASS">
          <reporter-output>
          </reporter-output>
        </test-method> <!-- launchURL -->
        <test-method is-config="true" signature="closeBrowser()[pri:0, instance:NewTest@4f18837a]" started-at="2025-03-08T01:04:46 IST" name="closeBrowser" finished-at="2025-03-08T01:04:46 IST" duration-ms="110" status="PASS">
          <reporter-output>
          </reporter-output>
        </test-method> <!-- closeBrowser -->
      </class> <!-- NewTest -->
    </test> <!-- Test -->
  </suite> <!-- Suite -->
</testng-results>
