<?xml version="1.0" encoding="UTF-8"?>
<testng-results ignored="0" total="1" passed="1" failed="0" skipped="0">
  <reporter-output>
  </reporter-output>
  <suite started-at="2025-03-05T01:17:01 IST" name="Suite" finished-at="2025-03-05T01:17:06 IST" duration-ms="5371">
    <groups>
    </groups>
    <test started-at="2025-03-05T01:17:01 IST" name="Test" finished-at="2025-03-05T01:17:06 IST" duration-ms="5371">
      <class name="NewTest">
        <test-method is-config="true" signature="setEnvironment()[pri:0, instance:NewTest@40a4337a]" started-at="2025-03-05T01:17:01 IST" name="setEnvironment" finished-at="2025-03-05T01:17:03 IST" duration-ms="2032" status="PASS">
          <reporter-output>
          </reporter-output>
        </test-method> <!-- setEnvironment -->
        <test-method signature="launchURL()[pri:0, instance:NewTest@40a4337a]" started-at="2025-03-05T01:17:03 IST" name="launchURL" finished-at="2025-03-05T01:17:06 IST" duration-ms="3190" status="PASS">
          <reporter-output>
          </reporter-output>
        </test-method> <!-- launchURL -->
        <test-method is-config="true" signature="closeBrowser()[pri:0, instance:NewTest@40a4337a]" started-at="2025-03-05T01:17:06 IST" name="closeBrowser" finished-at="2025-03-05T01:17:06 IST" duration-ms="116" status="PASS">
          <reporter-output>
          </reporter-output>
        </test-method> <!-- closeBrowser -->
      </class> <!-- NewTest -->
    </test> <!-- Test -->
  </suite> <!-- Suite -->
</testng-results>
