<?xml version="1.0" encoding="UTF-8"?>
<testng-results ignored="0" total="8" passed="8" failed="0" skipped="0">
  <reporter-output>
  </reporter-output>
  <suite started-at="2025-03-06T04:49:55 IST" name="Suite" finished-at="2025-03-06T04:50:00 IST" duration-ms="5085">
    <groups>
    </groups>
    <test started-at="2025-03-06T04:49:55 IST" name="Test" finished-at="2025-03-06T04:50:00 IST" duration-ms="5085">
      <class name="example.Logout">
        <test-method signature="clickLogout()[pri:0, instance:example.Logout@37afeb11]" started-at="2025-03-06T04:50:00 IST" name="clickLogout" finished-at="2025-03-06T04:50:00 IST" depends-on-methods="submitButton" duration-ms="251" status="PASS">
          <reporter-output>
          </reporter-output>
        </test-method> <!-- clickLogout -->
        <test-method is-config="true" signature="beforeTest()[pri:0, instance:example.Logout@37afeb11]" started-at="2025-03-06T04:50:00 IST" name="beforeTest" finished-at="2025-03-06T04:50:00 IST" duration-ms="0" status="PASS">
          <reporter-output>
          </reporter-output>
        </test-method> <!-- beforeTest -->
        <test-method signature="verifyLogout()[pri:0, instance:example.Logout@37afeb11]" started-at="2025-03-06T04:50:00 IST" name="verifyLogout" finished-at="2025-03-06T04:50:00 IST" depends-on-methods="example.Logout.clickLogout" duration-ms="15" status="PASS">
          <reporter-output>
          </reporter-output>
        </test-method> <!-- verifyLogout -->
      </class> <!-- example.Logout -->
      <class name="example.Login">
        <test-method is-config="true" signature="beforeTest()[pri:0, instance:example.Login@5b239d7d]" started-at="2025-03-06T04:49:52 IST" name="beforeTest" finished-at="2025-03-06T04:49:55 IST" duration-ms="2907" status="PASS">
          <reporter-output>
          </reporter-output>
        </test-method> <!-- beforeTest -->
        <test-method signature="launchURL()[pri:1, instance:example.Login@5b239d7d]" started-at="2025-03-06T04:49:55 IST" name="launchURL" finished-at="2025-03-06T04:49:56 IST" duration-ms="1009" status="PASS">
          <reporter-output>
          </reporter-output>
        </test-method> <!-- launchURL -->
        <test-method signature="sendUserName(java.lang.String)[pri:2, instance:example.Login@5b239d7d]" started-at="2025-03-06T04:49:56 IST" name="sendUserName" finished-at="2025-03-06T04:49:56 IST" duration-ms="48" status="PASS">
          <params>
            <param index="0">
              <value>
                <![CDATA[aditya]]>
              </value>
            </param>
          </params>
          <reporter-output>
          </reporter-output>
        </test-method> <!-- sendUserName -->
        <test-method signature="sendPassword(java.lang.String)[pri:3, instance:example.Login@5b239d7d]" started-at="2025-03-06T04:49:56 IST" name="sendPassword" finished-at="2025-03-06T04:49:56 IST" duration-ms="24" status="PASS">
          <params>
            <param index="0">
              <value>
                <![CDATA[rahulshettyacademy]]>
              </value>
            </param>
          </params>
          <reporter-output>
          </reporter-output>
        </test-method> <!-- sendPassword -->
        <test-method signature="selectCheckBox()[pri:4, instance:example.Login@5b239d7d]" started-at="2025-03-06T04:49:56 IST" name="selectCheckBox" finished-at="2025-03-06T04:49:57 IST" duration-ms="436" status="PASS">
          <reporter-output>
          </reporter-output>
        </test-method> <!-- selectCheckBox -->
        <test-method signature="submitButton()[pri:5, instance:example.Login@5b239d7d]" started-at="2025-03-06T04:49:57 IST" name="submitButton" finished-at="2025-03-06T04:49:57 IST" duration-ms="236" status="PASS">
          <reporter-output>
          </reporter-output>
        </test-method> <!-- submitButton -->
        <test-method signature="verifyLogin(java.lang.String)[pri:0, instance:example.Login@5b239d7d]" started-at="2025-03-06T04:49:57 IST" name="verifyLogin" finished-at="2025-03-06T04:50:00 IST" depends-on-methods="example.Login.submitButton" duration-ms="3022" status="PASS">
          <params>
            <param index="0">
              <value>
                <![CDATA[aditya]]>
              </value>
            </param>
          </params>
          <reporter-output>
          </reporter-output>
        </test-method> <!-- verifyLogin -->
        <test-method is-config="true" signature="afterTest()[pri:0, instance:example.Login@5b239d7d]" started-at="2025-03-06T04:50:00 IST" name="afterTest" finished-at="2025-03-06T04:50:01 IST" duration-ms="1035" status="PASS">
          <reporter-output>
          </reporter-output>
        </test-method> <!-- afterTest -->
      </class> <!-- example.Login -->
    </test> <!-- Test -->
  </suite> <!-- Suite -->
</testng-results>
